# JRE version: Java(TM) SE Runtime Environment (8.0_201-b09) (build 1.8.0_201-b09)
# Java VM: Java HotSpot(TM) 64-Bit Server VM (25.201-b09 mixed mode windows-amd64 compressed oops)
Heap:
 PSYoungGen      total 21504K, used 6888K [0x00000000f5580000, 0x00000000f6f80000, 0x0000000100000000)
  eden space 16384K, 24% used [0x00000000f5580000,0x00000000f5975290,0x00000000f6580000)
  from space 5120K, 55% used [0x00000000f6580000,0x00000000f6844e88,0x00000000f6a80000)
  to   space 5120K, 0% used [0x00000000f6a80000,0x00000000f6a80000,0x00000000f6f80000)
 ParOldGen       total 44032K, used 8701K [0x00000000e0000000, 0x00000000e2b00000, 0x00000000f5580000)
  object space 44032K, 19% used [0x00000000e0000000,0x00000000e087f760,0x00000000e2b00000)
 Metaspace       used 17942K, capacity 18370K, committed 18688K, reserved 1064960K
  class space    used 2623K, capacity 2771K, committed 2816K, reserved 1048576K
GC Heap History (10 events):
Event: 71.465 GC heap before
{Heap before GC invocations=5 (full 0):
 PSYoungGen      total 18944K, used 18920K [0x00000000f5580000, 0x00000000f6a80000, 0x0000000100000000)
  eden space 16384K, 100% used [0x00000000f5580000,0x00000000f6580000,0x00000000f6580000)
  from space 2560K, 99% used [0x00000000f6800000,0x00000000f6a7a020,0x00000000f6a80000)
  to   space 2560K, 0% used [0x00000000f6580000,0x00000000f6580000,0x00000000f6800000)
 ParOldGen       total 44032K, used 3522K [0x00000000e0000000, 0x00000000e2b00000, 0x00000000f5580000)
  object space 44032K, 7% used [0x00000000e0000000,0x00000000e0370938,0x00000000e2b00000)
 Metaspace       used 12332K, capacity 12646K, committed 12928K, reserved 1060864K
  class space    used 1668K, capacity 1797K, committed 1920K, reserved 1048576K
Event: 71.474 GC heap after
Heap after GC invocations=5 (full 0):
 PSYoungGen      total 18944K, used 2536K [0x00000000f5580000, 0x00000000f6f80000, 0x0000000100000000)
  eden space 16384K, 0% used [0x00000000f5580000,0x00000000f5580000,0x00000000f6580000)
  from space 2560K, 99% used [0x00000000f6580000,0x00000000f67fa020,0x00000000f6800000)
  to   space 5120K, 0% used [0x00000000f6a80000,0x00000000f6a80000,0x00000000f6f80000)
 ParOldGen       total 44032K, used 5810K [0x00000000e0000000, 0x00000000e2b00000, 0x00000000f5580000)
  object space 44032K, 13% used [0x00000000e0000000,0x00000000e05aca30,0x00000000e2b00000)
 Metaspace       used 12332K, capacity 12646K, committed 12928K, reserved 1060864K
  class space    used 1668K, capacity 1797K, committed 1920K, reserved 1048576K
}
Event: 71.924 GC heap before
{Heap before GC invocations=6 (full 0):
 PSYoungGen      total 18944K, used 18920K [0x00000000f5580000, 0x00000000f6f80000, 0x0000000100000000)
  eden space 16384K, 100% used [0x00000000f5580000,0x00000000f6580000,0x00000000f6580000)
  from space 2560K, 99% used [0x00000000f6580000,0x00000000f67fa020,0x00000000f6800000)
  to   space 5120K, 0% used [0x00000000f6a80000,0x00000000f6a80000,0x00000000f6f80000)
 ParOldGen       total 44032K, used 5810K [0x00000000e0000000, 0x00000000e2b00000, 0x00000000f5580000)
  object space 44032K, 13% used [0x00000000e0000000,0x00000000e05aca30,0x00000000e2b00000)
 Metaspace       used 13450K, capacity 13840K, committed 14080K, reserved 1060864K
  class space    used 1870K, capacity 2024K, committed 2048K, reserved 1048576K
Event: 71.929 GC heap after
Heap after GC invocations=6 (full 0):
 PSYoungGen      total 21504K, used 4215K [0x00000000f5580000, 0x00000000f6f80000, 0x0000000100000000)
  eden space 16384K, 0% used [0x00000000f5580000,0x00000000f5580000,0x00000000f6580000)
  from space 5120K, 82% used [0x00000000f6a80000,0x00000000f6e9df70,0x00000000f6f80000)
  to   space 5120K, 0% used [0x00000000f6580000,0x00000000f6580000,0x00000000f6a80000)
 ParOldGen       total 44032K, used 5818K [0x00000000e0000000, 0x00000000e2b00000, 0x00000000f5580000)
  object space 44032K, 13% used [0x00000000e0000000,0x00000000e05aea30,0x00000000e2b00000)
 Metaspace       used 13450K, capacity 13840K, committed 14080K, reserved 1060864K
  class space    used 1870K, capacity 2024K, committed 2048K, reserved 1048576K
}
Event: 72.388 GC heap before
{Heap before GC invocations=7 (full 0):
 PSYoungGen      total 21504K, used 20599K [0x00000000f5580000, 0x00000000f6f80000, 0x0000000100000000)
  eden space 16384K, 100% used [0x00000000f5580000,0x00000000f6580000,0x00000000f6580000)
  from space 5120K, 82% used [0x00000000f6a80000,0x00000000f6e9df70,0x00000000f6f80000)
  to   space 5120K, 0% used [0x00000000f6580000,0x00000000f6580000,0x00000000f6a80000)
 ParOldGen       total 44032K, used 5818K [0x00000000e0000000, 0x00000000e2b00000, 0x00000000f5580000)
  object space 44032K, 13% used [0x00000000e0000000,0x00000000e05aea30,0x00000000e2b00000)
 Metaspace       used 14823K, capacity 15218K, committed 15360K, reserved 1062912K
  class space    used 2105K, capacity 2249K, committed 2304K, reserved 1048576K
Event: 72.396 GC heap after
Heap after GC invocations=7 (full 0):
 PSYoungGen      total 21504K, used 3764K [0x00000000f5580000, 0x00000000f6f80000, 0x0000000100000000)
  eden space 16384K, 0% used [0x00000000f5580000,0x00000000f5580000,0x00000000f6580000)
  from space 5120K, 73% used [0x00000000f6580000,0x00000000f692d200,0x00000000f6a80000)
  to   space 5120K, 0% used [0x00000000f6a80000,0x00000000f6a80000,0x00000000f6f80000)
 ParOldGen       total 44032K, used 6943K [0x00000000e0000000, 0x00000000e2b00000, 0x00000000f5580000)
  object space 44032K, 15% used [0x00000000e0000000,0x00000000e06c7e98,0x00000000e2b00000)
 Metaspace       used 14823K, capacity 15218K, committed 15360K, reserved 1062912K
  class space    used 2105K, capacity 2249K, committed 2304K, reserved 1048576K
}
Event: 72.866 GC heap before
{Heap before GC invocations=8 (full 0):
 PSYoungGen      total 21504K, used 20148K [0x00000000f5580000, 0x00000000f6f80000, 0x0000000100000000)
  eden space 16384K, 100% used [0x00000000f5580000,0x00000000f6580000,0x00000000f6580000)
  from space 5120K, 73% used [0x00000000f6580000,0x00000000f692d200,0x00000000f6a80000)
  to   space 5120K, 0% used [0x00000000f6a80000,0x00000000f6a80000,0x00000000f6f80000)
 ParOldGen       total 44032K, used 6943K [0x00000000e0000000, 0x00000000e2b00000, 0x00000000f5580000)
  object space 44032K, 15% used [0x00000000e0000000,0x00000000e06c7e98,0x00000000e2b00000)
 Metaspace       used 16088K, capacity 16512K, committed 16896K, reserved 1062912K
  class space    used 2321K, capacity 2450K, committed 2560K, reserved 1048576K
Event: 72.873 GC heap after
Heap after GC invocations=8 (full 0):
 PSYoungGen      total 21504K, used 3522K [0x00000000f5580000, 0x00000000f6f80000, 0x0000000100000000)
  eden space 16384K, 0% used [0x00000000f5580000,0x00000000f5580000,0x00000000f6580000)
  from space 5120K, 68% used [0x00000000f6a80000,0x00000000f6df0be8,0x00000000f6f80000)
  to   space 5120K, 0% used [0x00000000f6580000,0x00000000f6580000,0x00000000f6a80000)
 ParOldGen       total 44032K, used 7575K [0x00000000e0000000, 0x00000000e2b00000, 0x00000000f5580000)
  object space 44032K, 17% used [0x00000000e0000000,0x00000000e0765eb8,0x00000000e2b00000)
 Metaspace       used 16088K, capacity 16512K, committed 16896K, reserved 1062912K
  class space    used 2321K, capacity 2450K, committed 2560K, reserved 1048576K
}
Event: 73.481 GC heap before
{Heap before GC invocations=9 (full 0):
 PSYoungGen      total 21504K, used 19906K [0x00000000f5580000, 0x00000000f6f80000, 0x0000000100000000)
  eden space 16384K, 100% used [0x00000000f5580000,0x00000000f6580000,0x00000000f6580000)
  from space 5120K, 68% used [0x00000000f6a80000,0x00000000f6df0be8,0x00000000f6f80000)
  to   space 5120K, 0% used [0x00000000f6580000,0x00000000f6580000,0x00000000f6a80000)
 ParOldGen       total 44032K, used 7575K [0x00000000e0000000, 0x00000000e2b00000, 0x00000000f5580000)
  object space 44032K, 17% used [0x00000000e0000000,0x00000000e0765eb8,0x00000000e2b00000)
 Metaspace       used 17559K, capacity 17986K, committed 18176K, reserved 1064960K
  class space    used 2559K, capacity 2707K, committed 2816K, reserved 1048576K
Event: 73.489 GC heap after
Heap after GC invocations=9 (full 0):
 PSYoungGen      total 21504K, used 2835K [0x00000000f5580000, 0x00000000f6f80000, 0x0000000100000000)
  eden space 16384K, 0% used [0x00000000f5580000,0x00000000f5580000,0x00000000f6580000)
  from space 5120K, 55% used [0x00000000f6580000,0x00000000f6844e88,0x00000000f6a80000)
  to   space 5120K, 0% used [0x00000000f6a80000,0x00000000f6a80000,0x00000000f6f80000)
 ParOldGen       total 44032K, used 8701K [0x00000000e0000000, 0x00000000e2b00000, 0x00000000f5580000)
  object space 44032K, 19% used [0x00000000e0000000,0x00000000e087f760,0x00000000e2b00000)
 Metaspace       used 17559K, capacity 17986K, committed 18176K, reserved 1064960K
  class space    used 2559K, capacity 2707K, committed 2816K, reserved 1048576K
}

